Watching for file changes with StatReloader
System check identified some issues:

WARNINGS:
todos.Todo: (models.W042) Auto-created primary key used when not defining a primary key type, by default 'django.db.models.AutoField'.
	HINT: Configure the DEFAULT_AUTO_FIELD setting or the TodosConfig.default_auto_field attribute to point to a subclass of AutoField, e.g. 'django.db.models.BigAutoField'.

System check identified 1 issue (0 silenced).
Performing system checks...

November 07, 2022 - 18:58:06
Django version 4.1.3, using settings 'todoApp.settings'
Starting development server at http://127.0.0.1:8001/
Quit the server with CONTROL-C.
Watching for file changes with StatReloader
System check identified some issues:

WARNINGS:
todos.Todo: (models.W042) Auto-created primary key used when not defining a primary key type, by default 'django.db.models.AutoField'.
	HINT: Configure the DEFAULT_AUTO_FIELD setting or the TodosConfig.default_auto_field attribute to point to a subclass of AutoField, e.g. 'django.db.models.BigAutoField'.

System check identified 1 issue (0 silenced).
Performing system checks...

November 07, 2022 - 18:58:29
Django version 4.1.3, using settings 'todoApp.settings'
Starting development server at http://127.0.0.1:8001/
Quit the server with CONTROL-C.
